mode: set
github.com/LouisMDK/algolp/structures/double_linked_list.go:11.38,13.2 1 1
github.com/LouisMDK/algolp/structures/double_linked_list.go:15.51,17.2 1 1
github.com/LouisMDK/algolp/structures/double_linked_list.go:19.43,21.2 1 1
github.com/LouisMDK/algolp/structures/double_linked_list.go:23.64,27.2 3 1
github.com/LouisMDK/algolp/structures/double_linked_list.go:29.43,31.19 2 0
github.com/LouisMDK/algolp/structures/double_linked_list.go:35.2,35.10 1 0
github.com/LouisMDK/algolp/structures/double_linked_list.go:31.19,34.3 2 0
github.com/LouisMDK/algolp/structures/double_linked_list.go:38.41,40.2 1 1
github.com/LouisMDK/algolp/structures/double_linked_list.go:42.63,44.2 1 1
github.com/LouisMDK/algolp/structures/double_linked_list.go:46.56,47.17 1 1
github.com/LouisMDK/algolp/structures/double_linked_list.go:50.2,51.31 2 1
github.com/LouisMDK/algolp/structures/double_linked_list.go:47.17,49.3 1 1
github.com/LouisMDK/algolp/structures/double_linked_list.go:54.60,55.17 1 1
github.com/LouisMDK/algolp/structures/double_linked_list.go:58.2,58.19 1 1
github.com/LouisMDK/algolp/structures/double_linked_list.go:61.2,62.36 2 1
github.com/LouisMDK/algolp/structures/double_linked_list.go:55.17,57.3 1 1
github.com/LouisMDK/algolp/structures/double_linked_list.go:58.19,60.3 1 1
github.com/LouisMDK/algolp/structures/file.go:17.26,20.2 2 1
github.com/LouisMDK/algolp/structures/file.go:22.30,27.17 5 1
github.com/LouisMDK/algolp/structures/file.go:27.17,29.3 1 1
github.com/LouisMDK/algolp/structures/file.go:32.30,34.2 1 1
github.com/LouisMDK/algolp/structures/file.go:36.32,37.17 1 1
github.com/LouisMDK/algolp/structures/file.go:42.2,47.12 6 1
github.com/LouisMDK/algolp/structures/file.go:37.17,41.3 3 1
github.com/LouisMDK/algolp/structures/file.go:49.32,52.20 3 0
github.com/LouisMDK/algolp/structures/file.go:56.2,56.10 1 0
github.com/LouisMDK/algolp/structures/file.go:52.20,55.3 2 0
github.com/LouisMDK/algolp/structures/file.go:58.27,60.2 1 1
github.com/LouisMDK/algolp/structures/linked_list.go:10.32,12.2 1 1
github.com/LouisMDK/algolp/structures/linked_list.go:14.39,16.2 1 1
github.com/LouisMDK/algolp/structures/linked_list.go:18.31,20.2 1 1
github.com/LouisMDK/algolp/structures/linked_list.go:22.44,24.2 1 1
github.com/LouisMDK/algolp/structures/linked_list.go:26.37,28.19 2 0
github.com/LouisMDK/algolp/structures/linked_list.go:32.2,32.10 1 0
github.com/LouisMDK/algolp/structures/linked_list.go:28.19,31.3 2 0
github.com/LouisMDK/algolp/structures/linked_list.go:35.35,37.2 1 1
github.com/LouisMDK/algolp/structures/pile.go:15.25,18.2 2 1
github.com/LouisMDK/algolp/structures/pile.go:20.30,25.2 4 1
github.com/LouisMDK/algolp/structures/pile.go:27.30,29.2 1 1
github.com/LouisMDK/algolp/structures/pile.go:31.26,36.2 4 1
github.com/LouisMDK/algolp/structures/pile.go:38.32,41.20 3 0
github.com/LouisMDK/algolp/structures/pile.go:45.2,45.10 1 0
github.com/LouisMDK/algolp/structures/pile.go:41.20,44.3 2 0
github.com/LouisMDK/algolp/structures/pile.go:48.27,50.2 1 1
